2015-05-14 12:50:08 Error: [MissingConnectionException] Database connection "Mysql" is missing, or could not be created.
Exception Attributes: array (
  'class' => 'Mysql',
  'message' => 'SQLSTATE[HY000] [1045] Access denied for user \'root\'@\'localhost\' (using password: YES)',
  'enabled' => true,
)
Request URL: /www/Nadia/boutiques
Stack Trace:
#0 /opt/lampp/htdocs/www/Nadia/lib/Cake/Model/Datasource/DboSource.php(260): Mysql->connect()
#1 /opt/lampp/htdocs/www/Nadia/lib/Cake/Model/ConnectionManager.php(105): DboSource->__construct(Array)
#2 /opt/lampp/htdocs/www/Nadia/lib/Cake/Model/Model.php(3524): ConnectionManager::getDataSource('default')
#3 /opt/lampp/htdocs/www/Nadia/lib/Cake/Model/Model.php(1136): Model->setDataSource('default')
#4 /opt/lampp/htdocs/www/Nadia/lib/Cake/Model/Model.php(3551): Model->setSource('articles')
#5 /opt/lampp/htdocs/www/Nadia/lib/Cake/Model/Model.php(2947): Model->getDataSource()
#6 /opt/lampp/htdocs/www/Nadia/lib/Cake/Model/Model.php(2919): Model->_readDataSource('all', Array)
#7 /opt/lampp/htdocs/www/Nadia/app/Controller/BoutiquesController.php(127): Model->find('all')
#8 [internal function]: BoutiquesController->index()
#9 /opt/lampp/htdocs/www/Nadia/lib/Cake/Controller/Controller.php(490): ReflectionMethod->invokeArgs(Object(BoutiquesController), Array)
#10 /opt/lampp/htdocs/www/Nadia/lib/Cake/Routing/Dispatcher.php(191): Controller->invokeAction(Object(CakeRequest))
#11 /opt/lampp/htdocs/www/Nadia/lib/Cake/Routing/Dispatcher.php(165): Dispatcher->_invoke(Object(BoutiquesController), Object(CakeRequest))
#12 /opt/lampp/htdocs/www/Nadia/app/webroot/index.php(108): Dispatcher->dispatch(Object(CakeRequest), Object(CakeResponse))
#13 {main}
2015-05-14 12:50:49 Error: [MissingTableException] Table colors for model Color was not found in datasource default.
Exception Attributes: array (
  'table' => 'colors',
  'class' => 'Color',
  'ds' => 'default',
)
Request URL: /www/Nadia/admin/cms/export
Stack Trace:
#0 /opt/lampp/htdocs/www/Nadia/lib/Cake/Model/Model.php(3551): Model->setSource('colors')
#1 /opt/lampp/htdocs/www/Nadia/lib/Cake/Model/Model.php(1369): Model->getDataSource()
#2 /opt/lampp/htdocs/www/Nadia/lib/Cake/Model/Datasource/DboSource.php(2491): Model->schema()
#3 /opt/lampp/htdocs/www/Nadia/lib/Cake/Model/Datasource/DboSource.php(1716): DboSource->fields(Object(Color), 'Color', '')
#4 /opt/lampp/htdocs/www/Nadia/lib/Cake/Model/Datasource/DboSource.php(1093): DboSource->generateAssociationQuery(Object(Cm), Object(Color), 'belongsTo', 'Color', Array, Array, false)
#5 /opt/lampp/htdocs/www/Nadia/lib/Cake/Model/Model.php(2947): DboSource->read(Object(Cm), Array)
#6 /opt/lampp/htdocs/www/Nadia/lib/Cake/Model/Model.php(2919): Model->_readDataSource('all', Array)
#7 /opt/lampp/htdocs/www/Nadia/app/Model/Cm.php(207): Model->find('all')
#8 /opt/lampp/htdocs/www/Nadia/app/Controller/CmsController.php(135): Cm->export()
#9 [internal function]: CmsController->admin_export()
#10 /opt/lampp/htdocs/www/Nadia/lib/Cake/Controller/Controller.php(490): ReflectionMethod->invokeArgs(Object(CmsController), Array)
#11 /opt/lampp/htdocs/www/Nadia/lib/Cake/Routing/Dispatcher.php(191): Controller->invokeAction(Object(CakeRequest))
#12 /opt/lampp/htdocs/www/Nadia/lib/Cake/Routing/Dispatcher.php(165): Dispatcher->_invoke(Object(CmsController), Object(CakeRequest))
#13 /opt/lampp/htdocs/www/Nadia/app/webroot/index.php(108): Dispatcher->dispatch(Object(CakeRequest), Object(CakeResponse))
#14 {main}
2015-05-14 13:19:24 Error: [MissingTableException] Table imgs for model Img was not found in datasource default.
Exception Attributes: array (
  'table' => 'imgs',
  'class' => 'Img',
  'ds' => 'default',
)
Request URL: /www/Nadia/boutiques
Stack Trace:
#0 /opt/lampp/htdocs/www/Nadia/lib/Cake/Model/Model.php(3551): Model->setSource('imgs')
#1 /opt/lampp/htdocs/www/Nadia/lib/Cake/Model/Model.php(1369): Model->getDataSource()
#2 /opt/lampp/htdocs/www/Nadia/lib/Cake/Model/Datasource/DboSource.php(2491): Model->schema()
#3 /opt/lampp/htdocs/www/Nadia/lib/Cake/Model/Datasource/DboSource.php(1716): DboSource->fields(Object(Img), 'Img', '')
#4 /opt/lampp/htdocs/www/Nadia/lib/Cake/Model/Datasource/DboSource.php(1093): DboSource->generateAssociationQuery(Object(Article), Object(Img), 'belongsTo', 'Img', Array, Array, false)
#5 /opt/lampp/htdocs/www/Nadia/lib/Cake/Model/Model.php(2947): DboSource->read(Object(Article), Array)
#6 /opt/lampp/htdocs/www/Nadia/lib/Cake/Model/Model.php(2919): Model->_readDataSource('all', Array)
#7 /opt/lampp/htdocs/www/Nadia/app/Controller/BoutiquesController.php(127): Model->find('all')
#8 [internal function]: BoutiquesController->index()
#9 /opt/lampp/htdocs/www/Nadia/lib/Cake/Controller/Controller.php(490): ReflectionMethod->invokeArgs(Object(BoutiquesController), Array)
#10 /opt/lampp/htdocs/www/Nadia/lib/Cake/Routing/Dispatcher.php(191): Controller->invokeAction(Object(CakeRequest))
#11 /opt/lampp/htdocs/www/Nadia/lib/Cake/Routing/Dispatcher.php(165): Dispatcher->_invoke(Object(BoutiquesController), Object(CakeRequest))
#12 /opt/lampp/htdocs/www/Nadia/app/webroot/index.php(108): Dispatcher->dispatch(Object(CakeRequest), Object(CakeResponse))
#13 {main}
